<?xml version="1.0" encoding="utf-8"?>
<coverage line-rate="0.6487" branch-rate="0.5700999999999999" version="1.9" timestamp="1671566616" lines-covered="266" lines-valid="410" branches-covered="65" branches-valid="114">
  <sources>
    <source>D:\SourceCode\Repositories\New folder\roommate-app\</source>
  </sources>
  <packages>
    <package name="roommate-app" line-rate="0.6487" branch-rate="0.5700999999999999" complexity="158">
      <classes>
        <class name="ListingComparerFactory" filename="Other\Interface\IListingCompererFactory.cs" line-rate="0.5454" branch-rate="0.75" complexity="5">
          <methods>
            <method name="IListingCompreterFactory.createListingComparerFactory" signature="()" line-rate="0" branch-rate="1" complexity="1">
              <lines>
                <line number="12" hits="0" branch="False" />
                <line number="13" hits="0" branch="False" />
                <line number="14" hits="0" branch="False" />
                <line number="15" hits="0" branch="False" />
              </lines>
            </method>
            <method name="GetComparer" signature="(roommate_app.Other.ListingComparers.SortMode,System.String)" line-rate="0.8571" branch-rate="0.75" complexity="4">
              <lines>
                <line number="18" hits="3" branch="False" />
                <line number="19" hits="3" branch="True" condition-coverage="75% (3/4)">
                  <conditions>
                    <condition number="6" type="switch" coverage="75%" />
                  </conditions>
                </line>
                <line number="22" hits="1" branch="False" />
                <line number="24" hits="1" branch="False" />
                <line number="26" hits="1" branch="False" />
                <line number="28" hits="0" branch="False" />
                <line number="30" hits="3" branch="False" />
              </lines>
            </method>
          </methods>
          <lines>
            <line number="12" hits="0" branch="False" />
            <line number="13" hits="0" branch="False" />
            <line number="14" hits="0" branch="False" />
            <line number="15" hits="0" branch="False" />
            <line number="18" hits="3" branch="False" />
            <line number="19" hits="3" branch="True" condition-coverage="75% (3/4)">
              <conditions>
                <condition number="6" type="switch" coverage="75%" />
              </conditions>
            </line>
            <line number="22" hits="1" branch="False" />
            <line number="24" hits="1" branch="False" />
            <line number="26" hits="1" branch="False" />
            <line number="28" hits="0" branch="False" />
            <line number="30" hits="3" branch="False" />
          </lines>
        </class>
        <class name="GenericService" filename="Other\Services\GenericService.cs" line-rate="1" branch-rate="1" complexity="2">
          <methods>
            <method name="GetById" signature="(System.Object)" line-rate="1" branch-rate="1" complexity="1">
              <lines>
                <line number="34" hits="3" branch="False" />
                <line number="35" hits="3" branch="False" />
                <line number="36" hits="3" branch="False" />
              </lines>
            </method>
            <method name=".ctor" signature="(roommate_app.Data.ApplicationDbContext)" line-rate="1" branch-rate="1" complexity="1">
              <lines>
                <line number="22" hits="10" branch="False" />
                <line number="23" hits="10" branch="False" />
                <line number="24" hits="10" branch="False" />
                <line number="25" hits="10" branch="False" />
                <line number="26" hits="10" branch="False" />
              </lines>
            </method>
          </methods>
          <lines>
            <line number="34" hits="3" branch="False" />
            <line number="35" hits="3" branch="False" />
            <line number="36" hits="3" branch="False" />
            <line number="22" hits="10" branch="False" />
            <line number="23" hits="10" branch="False" />
            <line number="24" hits="10" branch="False" />
            <line number="25" hits="10" branch="False" />
            <line number="26" hits="10" branch="False" />
          </lines>
        </class>
        <class name="GenericService/&lt;AddAsync&gt;d__8`1" filename="Other\Services\GenericService.cs" line-rate="0.625" branch-rate="0.5" complexity="2">
          <methods>
            <method name="MoveNext" signature="()" line-rate="0.625" branch-rate="0.5" complexity="2">
              <lines>
                <line number="39" hits="6" branch="False" />
                <line number="40" hits="6" branch="False" />
                <line number="41" hits="6" branch="False" />
                <line number="43" hits="6" branch="True" condition-coverage="50% (1/2)">
                  <conditions>
                    <condition number="281" type="jump" coverage="50%" />
                  </conditions>
                </line>
                <line number="44" hits="0" branch="False" />
                <line number="45" hits="0" branch="False" />
                <line number="46" hits="0" branch="False" />
                <line number="47" hits="6" branch="False" />
              </lines>
            </method>
          </methods>
          <lines>
            <line number="39" hits="6" branch="False" />
            <line number="40" hits="6" branch="False" />
            <line number="41" hits="6" branch="False" />
            <line number="43" hits="6" branch="True" condition-coverage="50% (1/2)">
              <conditions>
                <condition number="281" type="jump" coverage="50%" />
              </conditions>
            </line>
            <line number="44" hits="0" branch="False" />
            <line number="45" hits="0" branch="False" />
            <line number="46" hits="0" branch="False" />
            <line number="47" hits="6" branch="False" />
          </lines>
        </class>
        <class name="GenericService/&lt;DeleteAsync&gt;d__10`1" filename="Other\Services\GenericService.cs" line-rate="1" branch-rate="1" complexity="1">
          <methods>
            <method name="MoveNext" signature="()" line-rate="1" branch-rate="1" complexity="1">
              <lines>
                <line number="62" hits="1" branch="False" />
                <line number="63" hits="1" branch="False" />
                <line number="64" hits="1" branch="False" />
                <line number="65" hits="1" branch="False" />
                <line number="66" hits="1" branch="False" />
              </lines>
            </method>
          </methods>
          <lines>
            <line number="62" hits="1" branch="False" />
            <line number="63" hits="1" branch="False" />
            <line number="64" hits="1" branch="False" />
            <line number="65" hits="1" branch="False" />
            <line number="66" hits="1" branch="False" />
          </lines>
        </class>
        <class name="GenericService/&lt;GetAllAsync&gt;d__6`1" filename="Other\Services\GenericService.cs" line-rate="1" branch-rate="1" complexity="1">
          <methods>
            <method name="MoveNext" signature="()" line-rate="1" branch-rate="1" complexity="1">
              <lines>
                <line number="29" hits="12" branch="False" />
                <line number="30" hits="12" branch="False" />
                <line number="31" hits="12" branch="False" />
              </lines>
            </method>
          </methods>
          <lines>
            <line number="29" hits="12" branch="False" />
            <line number="30" hits="12" branch="False" />
            <line number="31" hits="12" branch="False" />
          </lines>
        </class>
        <class name="GenericService/&lt;UpdateAsync&gt;d__9`1" filename="Other\Services\GenericService.cs" line-rate="0.75" branch-rate="0.5" complexity="2">
          <methods>
            <method name="MoveNext" signature="()" line-rate="0.75" branch-rate="0.5" complexity="2">
              <lines>
                <line number="50" hits="1" branch="False" />
                <line number="51" hits="1" branch="False" />
                <line number="52" hits="1" branch="True" condition-coverage="50% (1/2)">
                  <conditions>
                    <condition number="81" type="jump" coverage="50%" />
                  </conditions>
                </line>
                <line number="53" hits="0" branch="False" />
                <line number="54" hits="0" branch="False" />
                <line number="57" hits="1" branch="False" />
                <line number="58" hits="1" branch="False" />
                <line number="59" hits="1" branch="False" />
              </lines>
            </method>
          </methods>
          <lines>
            <line number="50" hits="1" branch="False" />
            <line number="51" hits="1" branch="False" />
            <line number="52" hits="1" branch="True" condition-coverage="50% (1/2)">
              <conditions>
                <condition number="81" type="jump" coverage="50%" />
              </conditions>
            </line>
            <line number="53" hits="0" branch="False" />
            <line number="54" hits="0" branch="False" />
            <line number="57" hits="1" branch="False" />
            <line number="58" hits="1" branch="False" />
            <line number="59" hits="1" branch="False" />
          </lines>
        </class>
        <class name="Program" filename="Program.cs" line-rate="0" branch-rate="0" complexity="2">
          <methods>
            <method name="&lt;Main&gt;$" signature="(System.String[])" line-rate="0" branch-rate="0" complexity="2">
              <lines>
                <line number="12" hits="0" branch="False" />
                <line number="14" hits="0" branch="False" />
                <line number="15" hits="0" branch="False" />
                <line number="16" hits="0" branch="False" />
                <line number="17" hits="0" branch="False" />
                <line number="19" hits="0" branch="False" />
                <line number="20" hits="0" branch="False" />
                <line number="21" hits="0" branch="False" />
                <line number="23" hits="0" branch="False" />
                <line number="24" hits="0" branch="False" />
                <line number="25" hits="0" branch="False" />
                <line number="26" hits="0" branch="False" />
                <line number="27" hits="0" branch="False" />
                <line number="28" hits="0" branch="False" />
                <line number="29" hits="0" branch="False" />
                <line number="30" hits="0" branch="False" />
                <line number="31" hits="0" branch="False" />
                <line number="32" hits="0" branch="False" />
                <line number="33" hits="0" branch="False" />
                <line number="36" hits="0" branch="False" />
                <line number="37" hits="0" branch="False" />
                <line number="38" hits="0" branch="False" />
                <line number="39" hits="0" branch="False" />
                <line number="41" hits="0" branch="False" />
                <line number="42" hits="0" branch="False" />
                <line number="43" hits="0" branch="False" />
                <line number="44" hits="0" branch="False" />
                <line number="45" hits="0" branch="False" />
                <line number="46" hits="0" branch="False" />
                <line number="47" hits="0" branch="False" />
                <line number="48" hits="0" branch="False" />
                <line number="50" hits="0" branch="False" />
                <line number="53" hits="0" branch="True" condition-coverage="0% (0/2)">
                  <conditions>
                    <condition number="340" type="jump" coverage="0%" />
                  </conditions>
                </line>
                <line number="54" hits="0" branch="False" />
                <line number="55" hits="0" branch="False" />
                <line number="57" hits="0" branch="False" />
                <line number="58" hits="0" branch="False" />
                <line number="60" hits="0" branch="False" />
                <line number="61" hits="0" branch="False" />
                <line number="63" hits="0" branch="False" />
                <line number="64" hits="0" branch="False" />
                <line number="66" hits="0" branch="False" />
                <line number="67" hits="0" branch="False" />
                <line number="69" hits="0" branch="False" />
                <line number="71" hits="0" branch="False" />
                <line number="73" hits="0" branch="False" />
                <line number="74" hits="0" branch="False" />
                <line number="76" hits="0" branch="False" />
                <line number="77" hits="0" branch="False" />
                <line number="78" hits="0" branch="False" />
                <line number="79" hits="0" branch="False" />
                <line number="82" hits="0" branch="False" />
              </lines>
            </method>
          </methods>
          <lines>
            <line number="12" hits="0" branch="False" />
            <line number="14" hits="0" branch="False" />
            <line number="15" hits="0" branch="False" />
            <line number="16" hits="0" branch="False" />
            <line number="17" hits="0" branch="False" />
            <line number="19" hits="0" branch="False" />
            <line number="20" hits="0" branch="False" />
            <line number="21" hits="0" branch="False" />
            <line number="23" hits="0" branch="False" />
            <line number="24" hits="0" branch="False" />
            <line number="25" hits="0" branch="False" />
            <line number="26" hits="0" branch="False" />
            <line number="27" hits="0" branch="False" />
            <line number="28" hits="0" branch="False" />
            <line number="29" hits="0" branch="False" />
            <line number="30" hits="0" branch="False" />
            <line number="31" hits="0" branch="False" />
            <line number="32" hits="0" branch="False" />
            <line number="33" hits="0" branch="False" />
            <line number="36" hits="0" branch="False" />
            <line number="37" hits="0" branch="False" />
            <line number="38" hits="0" branch="False" />
            <line number="39" hits="0" branch="False" />
            <line number="41" hits="0" branch="False" />
            <line number="42" hits="0" branch="False" />
            <line number="43" hits="0" branch="False" />
            <line number="44" hits="0" branch="False" />
            <line number="45" hits="0" branch="False" />
            <line number="46" hits="0" branch="False" />
            <line number="47" hits="0" branch="False" />
            <line number="48" hits="0" branch="False" />
            <line number="50" hits="0" branch="False" />
            <line number="53" hits="0" branch="True" condition-coverage="0% (0/2)">
              <conditions>
                <condition number="340" type="jump" coverage="0%" />
              </conditions>
            </line>
            <line number="54" hits="0" branch="False" />
            <line number="55" hits="0" branch="False" />
            <line number="57" hits="0" branch="False" />
            <line number="58" hits="0" branch="False" />
            <line number="60" hits="0" branch="False" />
            <line number="61" hits="0" branch="False" />
            <line number="63" hits="0" branch="False" />
            <line number="64" hits="0" branch="False" />
            <line number="66" hits="0" branch="False" />
            <line number="67" hits="0" branch="False" />
            <line number="69" hits="0" branch="False" />
            <line number="71" hits="0" branch="False" />
            <line number="73" hits="0" branch="False" />
            <line number="74" hits="0" branch="False" />
            <line number="76" hits="0" branch="False" />
            <line number="77" hits="0" branch="False" />
            <line number="78" hits="0" branch="False" />
            <line number="79" hits="0" branch="False" />
            <line number="82" hits="0" branch="False" />
          </lines>
        </class>
        <class name="AspNetCoreGeneratedDocument.Areas_Identity_Pages__ViewStart/&lt;ExecuteAsync&gt;d__0" filename="Areas\Identity\Pages\_ViewStart.cshtml" line-rate="0" branch-rate="1" complexity="1">
          <methods>
            <method name="MoveNext" signature="()" line-rate="0" branch-rate="1" complexity="1">
              <lines>
                <line number="2" hits="0" branch="False" />
              </lines>
            </method>
          </methods>
          <lines>
            <line number="2" hits="0" branch="False" />
          </lines>
        </class>
        <class name="AspNetCoreGeneratedDocument.Views_Home_Index/&lt;ExecuteAsync&gt;d__0" filename="Views\Home\Index.cshtml" line-rate="0" branch-rate="1" complexity="1">
          <methods>
            <method name="MoveNext" signature="()" line-rate="0" branch-rate="1" complexity="1">
              <lines>
                <line number="2" hits="0" branch="False" />
              </lines>
            </method>
          </methods>
          <lines>
            <line number="2" hits="0" branch="False" />
          </lines>
        </class>
        <class name="AspNetCoreGeneratedDocument.Views_Home_Privacy/&lt;ExecuteAsync&gt;d__0" filename="Views\Home\Privacy.cshtml" line-rate="0" branch-rate="1" complexity="1">
          <methods>
            <method name="MoveNext" signature="()" line-rate="0" branch-rate="1" complexity="1">
              <lines>
                <line number="2" hits="0" branch="False" />
                <line number="4" hits="0" branch="False" />
              </lines>
            </method>
          </methods>
          <lines>
            <line number="2" hits="0" branch="False" />
            <line number="4" hits="0" branch="False" />
          </lines>
        </class>
        <class name="AspNetCoreGeneratedDocument.Views_Shared_Error/&lt;ExecuteAsync&gt;d__0" filename="Views\Shared\Error.cshtml" line-rate="0" branch-rate="0" complexity="2">
          <methods>
            <method name="MoveNext" signature="()" line-rate="0" branch-rate="0" complexity="2">
              <lines>
                <line number="3" hits="0" branch="False" />
                <line number="9" hits="0" branch="True" condition-coverage="0% (0/2)">
                  <conditions>
                    <condition number="70" type="jump" coverage="0%" />
                  </conditions>
                </line>
                <line number="10" hits="0" branch="False" />
                <line number="12" hits="0" branch="False" />
                <line number="14" hits="0" branch="False" />
              </lines>
            </method>
          </methods>
          <lines>
            <line number="3" hits="0" branch="False" />
            <line number="9" hits="0" branch="True" condition-coverage="0% (0/2)">
              <conditions>
                <condition number="70" type="jump" coverage="0%" />
              </conditions>
            </line>
            <line number="10" hits="0" branch="False" />
            <line number="12" hits="0" branch="False" />
            <line number="14" hits="0" branch="False" />
          </lines>
        </class>
        <class name="AspNetCoreGeneratedDocument.Views_Shared__LoginPartial/&lt;&lt;ExecuteAsync&gt;b__17_0&gt;d" filename="Views\Shared\_LoginPartial.cshtml" line-rate="0" branch-rate="0" complexity="2">
          <methods>
            <method name="MoveNext" signature="()" line-rate="0" branch-rate="0" complexity="2">
              <lines>
                <line number="9" hits="0" branch="True" condition-coverage="0% (0/2)">
                  <conditions>
                    <condition number="48" type="jump" coverage="0%" />
                  </conditions>
                </line>
              </lines>
            </method>
          </methods>
          <lines>
            <line number="9" hits="0" branch="True" condition-coverage="0% (0/2)">
              <conditions>
                <condition number="48" type="jump" coverage="0%" />
              </conditions>
            </line>
          </lines>
        </class>
        <class name="AspNetCoreGeneratedDocument.Views_Shared__LoginPartial/&lt;ExecuteAsync&gt;d__17" filename="Views\Shared\_LoginPartial.cshtml" line-rate="0" branch-rate="0" complexity="12">
          <methods>
            <method name="MoveNext" signature="()" line-rate="0" branch-rate="0" complexity="12">
              <lines>
                <line number="6" hits="0" branch="True" condition-coverage="0% (0/2)">
                  <conditions>
                    <condition number="134" type="jump" coverage="0%" />
                  </conditions>
                </line>
                <line number="7" hits="0" branch="True" condition-coverage="0% (0/4)">
                  <conditions>
                    <condition number="559" type="jump" coverage="0%" />
                    <condition number="1052" type="jump" coverage="0%" />
                  </conditions>
                </line>
                <line number="12" hits="0" branch="True" condition-coverage="0% (0/2)">
                  <conditions>
                    <condition number="1404" type="jump" coverage="0%" />
                  </conditions>
                </line>
                <line number="16" hits="0" branch="False" />
                <line number="18" hits="0" branch="True" condition-coverage="0% (0/4)">
                  <conditions>
                    <condition number="1996" type="jump" coverage="0%" />
                    <condition number="2564" type="jump" coverage="0%" />
                  </conditions>
                </line>
                <line number="25" hits="0" branch="False" />
              </lines>
            </method>
          </methods>
          <lines>
            <line number="6" hits="0" branch="True" condition-coverage="0% (0/2)">
              <conditions>
                <condition number="134" type="jump" coverage="0%" />
              </conditions>
            </line>
            <line number="7" hits="0" branch="True" condition-coverage="0% (0/4)">
              <conditions>
                <condition number="559" type="jump" coverage="0%" />
                <condition number="1052" type="jump" coverage="0%" />
              </conditions>
            </line>
            <line number="12" hits="0" branch="True" condition-coverage="0% (0/2)">
              <conditions>
                <condition number="1404" type="jump" coverage="0%" />
              </conditions>
            </line>
            <line number="16" hits="0" branch="False" />
            <line number="18" hits="0" branch="True" condition-coverage="0% (0/4)">
              <conditions>
                <condition number="1996" type="jump" coverage="0%" />
                <condition number="2564" type="jump" coverage="0%" />
              </conditions>
            </line>
            <line number="25" hits="0" branch="False" />
          </lines>
        </class>
        <class name="AspNetCoreGeneratedDocument.Views__ViewStart/&lt;ExecuteAsync&gt;d__0" filename="Views\_ViewStart.cshtml" line-rate="0" branch-rate="1" complexity="1">
          <methods>
            <method name="MoveNext" signature="()" line-rate="0" branch-rate="1" complexity="1">
              <lines>
                <line number="2" hits="0" branch="False" />
              </lines>
            </method>
          </methods>
          <lines>
            <line number="2" hits="0" branch="False" />
          </lines>
        </class>
        <class name="AspNetCoreGeneratedDocument.Views_Shared__Layout/&lt;&lt;ExecuteAsync&gt;b__27_0&gt;d" filename="Views\Shared\_Layout.cshtml" line-rate="0" branch-rate="0" complexity="6">
          <methods>
            <method name="MoveNext" signature="()" line-rate="0" branch-rate="0" complexity="6">
              <lines>
                <line number="6" hits="0" branch="True" condition-coverage="0% (0/2)">
                  <conditions>
                    <condition number="443" type="jump" coverage="0%" />
                  </conditions>
                </line>
                <line number="8" hits="0" branch="True" condition-coverage="0% (0/2)">
                  <conditions>
                    <condition number="1088" type="jump" coverage="0%" />
                  </conditions>
                </line>
                <line number="9" hits="0" branch="True" condition-coverage="0% (0/2)">
                  <conditions>
                    <condition number="1733" type="jump" coverage="0%" />
                  </conditions>
                </line>
              </lines>
            </method>
          </methods>
          <lines>
            <line number="6" hits="0" branch="True" condition-coverage="0% (0/2)">
              <conditions>
                <condition number="443" type="jump" coverage="0%" />
              </conditions>
            </line>
            <line number="8" hits="0" branch="True" condition-coverage="0% (0/2)">
              <conditions>
                <condition number="1088" type="jump" coverage="0%" />
              </conditions>
            </line>
            <line number="9" hits="0" branch="True" condition-coverage="0% (0/2)">
              <conditions>
                <condition number="1733" type="jump" coverage="0%" />
              </conditions>
            </line>
          </lines>
        </class>
        <class name="AspNetCoreGeneratedDocument.Views_Shared__Layout/&lt;&lt;ExecuteAsync&gt;b__27_1&gt;d" filename="Views\Shared\_Layout.cshtml" line-rate="0" branch-rate="0" complexity="16">
          <methods>
            <method name="MoveNext" signature="()" line-rate="0" branch-rate="0" complexity="16">
              <lines>
                <line number="36" hits="0" branch="True" condition-coverage="0% (0/14)">
                  <conditions>
                    <condition number="618" type="jump" coverage="0%" />
                    <condition number="1240" type="jump" coverage="0%" />
                    <condition number="1862" type="jump" coverage="0%" />
                    <condition number="2368" type="jump" coverage="0%" />
                    <condition number="3008" type="jump" coverage="0%" />
                    <condition number="3484" type="jump" coverage="0%" />
                    <condition number="3960" type="jump" coverage="0%" />
                  </conditions>
                </line>
                <line number="47" hits="0" branch="True" condition-coverage="0% (0/2)">
                  <conditions>
                    <condition number="4585" type="jump" coverage="0%" />
                  </conditions>
                </line>
                <line number="48" hits="0" branch="False" />
              </lines>
            </method>
          </methods>
          <lines>
            <line number="36" hits="0" branch="True" condition-coverage="0% (0/14)">
              <conditions>
                <condition number="618" type="jump" coverage="0%" />
                <condition number="1240" type="jump" coverage="0%" />
                <condition number="1862" type="jump" coverage="0%" />
                <condition number="2368" type="jump" coverage="0%" />
                <condition number="3008" type="jump" coverage="0%" />
                <condition number="3484" type="jump" coverage="0%" />
                <condition number="3960" type="jump" coverage="0%" />
              </conditions>
            </line>
            <line number="47" hits="0" branch="True" condition-coverage="0% (0/2)">
              <conditions>
                <condition number="4585" type="jump" coverage="0%" />
              </conditions>
            </line>
            <line number="48" hits="0" branch="False" />
          </lines>
        </class>
        <class name="roommate_app.Services.ListingService" filename="Other\Services\ListingService.cs" line-rate="0.75" branch-rate="1" complexity="9">
          <methods>
            <method name="get__listings" signature="()" line-rate="1" branch-rate="1" complexity="1">
              <lines>
                <line number="18" hits="2" branch="False" />
              </lines>
            </method>
            <method name="GetByUserId" signature="(System.Int32)" line-rate="1" branch-rate="1" complexity="4">
              <lines>
                <line number="31" hits="1" branch="False" />
                <line number="32" hits="1" branch="False" />
                <line number="33" hits="1" branch="False" />
                <line number="34" hits="6" branch="True" condition-coverage="100% (2/2)">
                  <conditions>
                    <condition number="82" type="jump" coverage="100%" />
                  </conditions>
                </line>
                <line number="35" hits="2" branch="False" />
                <line number="36" hits="2" branch="True" condition-coverage="100% (2/2)">
                  <conditions>
                    <condition number="46" type="jump" coverage="100%" />
                  </conditions>
                </line>
                <line number="37" hits="2" branch="False" />
                <line number="38" hits="2" branch="False" />
                <line number="39" hits="2" branch="False" />
                <line number="40" hits="2" branch="False" />
                <line number="41" hits="1" branch="False" />
                <line number="42" hits="1" branch="False" />
              </lines>
            </method>
            <method name="Filter" signature="(System.Collections.Generic.List`1&lt;System.String&gt;,System.Single,System.Single)" line-rate="0" branch-rate="1" complexity="1">
              <lines>
                <line number="55" hits="0" branch="False" />
                <line number="56" hits="0" branch="False" />
                <line number="57" hits="0" branch="False" />
                <line number="59" hits="0" branch="False" />
                <line number="60" hits="0" branch="False" />
                <line number="61" hits="0" branch="False" />
                <line number="63" hits="0" branch="False" />
                <line number="64" hits="0" branch="False" />
              </lines>
            </method>
            <method name="OnListingFeedUpdated" signature="()" line-rate="1" branch-rate="1" complexity="2">
              <lines>
                <line number="67" hits="1" branch="False" />
                <line number="68" hits="1" branch="True" condition-coverage="100% (2/2)">
                  <conditions>
                    <condition number="12" type="jump" coverage="100%" />
                  </conditions>
                </line>
                <line number="69" hits="1" branch="False" />
                <line number="70" hits="1" branch="False" />
                <line number="71" hits="1" branch="False" />
                <line number="72" hits="1" branch="False" />
              </lines>
            </method>
            <method name=".ctor" signature="(roommate_app.Data.ApplicationDbContext)" line-rate="1" branch-rate="1" complexity="1">
              <lines>
                <line number="24" hits="2" branch="False" />
                <line number="25" hits="2" branch="False" />
                <line number="26" hits="2" branch="False" />
                <line number="27" hits="2" branch="False" />
                <line number="28" hits="2" branch="False" />
              </lines>
            </method>
          </methods>
          <lines>
            <line number="18" hits="2" branch="False" />
            <line number="31" hits="1" branch="False" />
            <line number="32" hits="1" branch="False" />
            <line number="33" hits="1" branch="False" />
            <line number="34" hits="6" branch="True" condition-coverage="100% (2/2)">
              <conditions>
                <condition number="82" type="jump" coverage="100%" />
              </conditions>
            </line>
            <line number="35" hits="2" branch="False" />
            <line number="36" hits="2" branch="True" condition-coverage="100% (2/2)">
              <conditions>
                <condition number="46" type="jump" coverage="100%" />
              </conditions>
            </line>
            <line number="37" hits="2" branch="False" />
            <line number="38" hits="2" branch="False" />
            <line number="39" hits="2" branch="False" />
            <line number="40" hits="2" branch="False" />
            <line number="41" hits="1" branch="False" />
            <line number="42" hits="1" branch="False" />
            <line number="55" hits="0" branch="False" />
            <line number="56" hits="0" branch="False" />
            <line number="57" hits="0" branch="False" />
            <line number="59" hits="0" branch="False" />
            <line number="60" hits="0" branch="False" />
            <line number="61" hits="0" branch="False" />
            <line number="63" hits="0" branch="False" />
            <line number="64" hits="0" branch="False" />
            <line number="67" hits="1" branch="False" />
            <line number="68" hits="1" branch="True" condition-coverage="100% (2/2)">
              <conditions>
                <condition number="12" type="jump" coverage="100%" />
              </conditions>
            </line>
            <line number="69" hits="1" branch="False" />
            <line number="70" hits="1" branch="False" />
            <line number="71" hits="1" branch="False" />
            <line number="72" hits="1" branch="False" />
            <line number="24" hits="2" branch="False" />
            <line number="25" hits="2" branch="False" />
            <line number="26" hits="2" branch="False" />
            <line number="27" hits="2" branch="False" />
            <line number="28" hits="2" branch="False" />
          </lines>
        </class>
        <class name="roommate_app.Services.ListingService/&lt;UpdateAsync&gt;d__9" filename="Other\Services\ListingService.cs" line-rate="1" branch-rate="1" complexity="1">
          <methods>
            <method name="MoveNext" signature="()" line-rate="1" branch-rate="1" complexity="1">
              <lines>
                <line number="44" hits="1" branch="False" />
                <line number="45" hits="1" branch="False" />
                <line number="46" hits="1" branch="False" />
                <line number="47" hits="1" branch="False" />
                <line number="48" hits="1" branch="False" />
                <line number="49" hits="1" branch="False" />
                <line number="50" hits="1" branch="False" />
                <line number="51" hits="1" branch="False" />
                <line number="52" hits="1" branch="False" />
              </lines>
            </method>
          </methods>
          <lines>
            <line number="44" hits="1" branch="False" />
            <line number="45" hits="1" branch="False" />
            <line number="46" hits="1" branch="False" />
            <line number="47" hits="1" branch="False" />
            <line number="48" hits="1" branch="False" />
            <line number="49" hits="1" branch="False" />
            <line number="50" hits="1" branch="False" />
            <line number="51" hits="1" branch="False" />
            <line number="52" hits="1" branch="False" />
          </lines>
        </class>
        <class name="roommate_app.Services.UserService" filename="Other\Services\UserService.cs" line-rate="1" branch-rate="0.75" complexity="8">
          <methods>
            <method name="Authenticate" signature="(roommate_app.Controllers.Authentication.AuthenticateRequest)" line-rate="1" branch-rate="0.75" complexity="4">
              <lines>
                <line number="39" hits="2" branch="False" />
                <line number="40" hits="4" branch="True" condition-coverage="50% (1/2)">
                  <conditions>
                    <condition number="22" type="jump" coverage="50%" />
                  </conditions>
                </line>
                <line number="41" hits="2" branch="False" />
                <line number="43" hits="2" branch="True" condition-coverage="100% (2/2)">
                  <conditions>
                    <condition number="46" type="jump" coverage="100%" />
                  </conditions>
                </line>
                <line number="44" hits="1" branch="False" />
                <line number="45" hits="1" branch="False" />
                <line number="46" hits="1" branch="False" />
                <line number="47" hits="1" branch="False" />
                <line number="50" hits="1" branch="False" />
                <line number="52" hits="1" branch="False" />
                <line number="53" hits="2" branch="False" />
              </lines>
            </method>
            <method name="GenerateJwtToken" signature="(roommate_app.Models.User)" line-rate="1" branch-rate="1" complexity="1">
              <lines>
                <line number="56" hits="2" branch="False" />
                <line number="58" hits="2" branch="False" />
                <line number="59" hits="2" branch="False" />
                <line number="60" hits="2" branch="False" />
                <line number="61" hits="2" branch="False" />
                <line number="62" hits="2" branch="False" />
                <line number="63" hits="2" branch="False" />
                <line number="64" hits="2" branch="False" />
                <line number="65" hits="2" branch="False" />
                <line number="66" hits="2" branch="False" />
                <line number="67" hits="2" branch="False" />
                <line number="68" hits="2" branch="False" />
              </lines>
            </method>
            <method name="GetValidatedId" signature="(System.String)" line-rate="1" branch-rate="1" complexity="1">
              <lines>
                <line number="71" hits="1" branch="False" />
                <line number="72" hits="1" branch="False" />
                <line number="73" hits="1" branch="False" />
                <line number="74" hits="1" branch="False" />
                <line number="75" hits="1" branch="False" />
                <line number="76" hits="1" branch="False" />
                <line number="77" hits="1" branch="False" />
                <line number="78" hits="1" branch="False" />
                <line number="79" hits="1" branch="False" />
                <line number="80" hits="1" branch="False" />
                <line number="81" hits="1" branch="False" />
                <line number="82" hits="1" branch="False" />
                <line number="84" hits="1" branch="False" />
                <line number="85" hits="2" branch="False" />
                <line number="87" hits="1" branch="False" />
                <line number="88" hits="1" branch="False" />
              </lines>
            </method>
            <method name="GetById" signature="(System.Int32)" line-rate="1" branch-rate="1" complexity="1">
              <lines>
                <line number="91" hits="2" branch="False" />
                <line number="92" hits="4" branch="False" />
                <line number="93" hits="2" branch="False" />
              </lines>
            </method>
            <method name=".ctor" signature="(roommate_app.Data.ApplicationDbContext)" line-rate="1" branch-rate="1" complexity="1">
              <lines>
                <line number="24" hits="4" branch="False" />
                <line number="31" hits="4" branch="False" />
                <line number="32" hits="4" branch="False" />
                <line number="34" hits="4" branch="False" />
                <line number="35" hits="4" branch="False" />
                <line number="36" hits="4" branch="False" />
              </lines>
            </method>
          </methods>
          <lines>
            <line number="39" hits="2" branch="False" />
            <line number="40" hits="4" branch="True" condition-coverage="50% (1/2)">
              <conditions>
                <condition number="22" type="jump" coverage="50%" />
              </conditions>
            </line>
            <line number="41" hits="2" branch="False" />
            <line number="43" hits="2" branch="True" condition-coverage="100% (2/2)">
              <conditions>
                <condition number="46" type="jump" coverage="100%" />
              </conditions>
            </line>
            <line number="44" hits="1" branch="False" />
            <line number="45" hits="1" branch="False" />
            <line number="46" hits="1" branch="False" />
            <line number="47" hits="1" branch="False" />
            <line number="50" hits="1" branch="False" />
            <line number="52" hits="1" branch="False" />
            <line number="53" hits="2" branch="False" />
            <line number="56" hits="2" branch="False" />
            <line number="58" hits="2" branch="False" />
            <line number="59" hits="2" branch="False" />
            <line number="60" hits="2" branch="False" />
            <line number="61" hits="2" branch="False" />
            <line number="62" hits="2" branch="False" />
            <line number="63" hits="2" branch="False" />
            <line number="64" hits="2" branch="False" />
            <line number="65" hits="2" branch="False" />
            <line number="66" hits="2" branch="False" />
            <line number="67" hits="2" branch="False" />
            <line number="68" hits="2" branch="False" />
            <line number="71" hits="1" branch="False" />
            <line number="72" hits="1" branch="False" />
            <line number="73" hits="1" branch="False" />
            <line number="74" hits="1" branch="False" />
            <line number="75" hits="1" branch="False" />
            <line number="76" hits="1" branch="False" />
            <line number="77" hits="1" branch="False" />
            <line number="78" hits="1" branch="False" />
            <line number="79" hits="1" branch="False" />
            <line number="80" hits="1" branch="False" />
            <line number="81" hits="1" branch="False" />
            <line number="82" hits="1" branch="False" />
            <line number="84" hits="1" branch="False" />
            <line number="85" hits="2" branch="False" />
            <line number="87" hits="1" branch="False" />
            <line number="88" hits="1" branch="False" />
            <line number="91" hits="2" branch="False" />
            <line number="92" hits="4" branch="False" />
            <line number="93" hits="2" branch="False" />
            <line number="24" hits="4" branch="False" />
            <line number="31" hits="4" branch="False" />
            <line number="32" hits="4" branch="False" />
            <line number="34" hits="4" branch="False" />
            <line number="35" hits="4" branch="False" />
            <line number="36" hits="4" branch="False" />
          </lines>
        </class>
        <class name="roommate_app.Other.Validation.ListingValidation" filename="Other\Validation\ListingValidation.cs" line-rate="1" branch-rate="0.8928" complexity="29">
          <methods>
            <method name="ValidateName" signature="(roommate_app.Models.Listing)" line-rate="1" branch-rate="1" complexity="10">
              <lines>
                <line number="8" hits="2" branch="False" />
                <line number="9" hits="2" branch="False" />
                <line number="10" hits="2" branch="False" />
                <line number="12" hits="2" branch="True" condition-coverage="100% (10/10)">
                  <conditions>
                    <condition number="24" type="jump" coverage="100%" />
                    <condition number="39" type="jump" coverage="100%" />
                    <condition number="53" type="jump" coverage="100%" />
                    <condition number="66" type="jump" coverage="100%" />
                    <condition number="81" type="jump" coverage="100%" />
                  </conditions>
                </line>
                <line number="13" hits="2" branch="False" />
                <line number="14" hits="2" branch="False" />
              </lines>
            </method>
            <method name="ValidateEmail" signature="(roommate_app.Models.Listing)" line-rate="1" branch-rate="1" complexity="2">
              <lines>
                <line number="17" hits="3" branch="False" />
                <line number="18" hits="3" branch="False" />
                <line number="20" hits="3" branch="True" condition-coverage="100% (2/2)">
                  <conditions>
                    <condition number="18" type="jump" coverage="100%" />
                  </conditions>
                </line>
                <line number="21" hits="3" branch="False" />
              </lines>
            </method>
            <method name="ValidateCity" signature="(roommate_app.Models.Listing)" line-rate="1" branch-rate="1" complexity="4">
              <lines>
                <line number="24" hits="3" branch="False" />
                <line number="25" hits="3" branch="False" />
                <line number="27" hits="3" branch="True" condition-coverage="100% (4/4)">
                  <conditions>
                    <condition number="18" type="jump" coverage="100%" />
                    <condition number="33" type="jump" coverage="100%" />
                  </conditions>
                </line>
                <line number="28" hits="3" branch="False" />
              </lines>
            </method>
            <method name="ValidateRoommateCount" signature="(roommate_app.Models.Listing)" line-rate="1" branch-rate="0.5" complexity="2">
              <lines>
                <line number="31" hits="2" branch="False" />
                <line number="32" hits="2" branch="True" condition-coverage="50% (1/2)">
                  <conditions>
                    <condition number="8" type="jump" coverage="50%" />
                  </conditions>
                </line>
                <line number="33" hits="2" branch="False" />
              </lines>
            </method>
            <method name="ValidatePhoneNumber" signature="(roommate_app.Models.Listing)" line-rate="1" branch-rate="0.875" complexity="8">
              <lines>
                <line number="36" hits="2" branch="False" />
                <line number="37" hits="2" branch="False" />
                <line number="39" hits="2" branch="False" />
                <line number="41" hits="2" branch="True" condition-coverage="87.5% (7/8)">
                  <conditions>
                    <condition number="24" type="jump" coverage="100%" />
                    <condition number="39" type="jump" coverage="100%" />
                    <condition number="54" type="jump" coverage="100%" />
                    <condition number="68" type="jump" coverage="50%" />
                  </conditions>
                </line>
                <line number="42" hits="2" branch="False" />
                <line number="43" hits="2" branch="False" />
              </lines>
            </method>
            <method name="ValidateExtraComment" signature="(roommate_app.Models.Listing)" line-rate="1" branch-rate="0.5" complexity="2">
              <lines>
                <line number="46" hits="1" branch="False" />
                <line number="47" hits="1" branch="True" condition-coverage="50% (1/2)">
                  <conditions>
                    <condition number="12" type="jump" coverage="50%" />
                  </conditions>
                </line>
                <line number="48" hits="1" branch="False" />
              </lines>
            </method>
            <method name="ValidateMaximumPrice" signature="(roommate_app.Models.Listing)" line-rate="1" branch-rate="1" complexity="1">
              <lines>
                <line number="51" hits="1" branch="False" />
                <line number="52" hits="1" branch="False" />
                <line number="53" hits="1" branch="False" />
                <line number="54" hits="1" branch="False" />
                <line number="55" hits="1" branch="False" />
                <line number="56" hits="1" branch="False" />
                <line number="57" hits="1" branch="False" />
                <line number="58" hits="4" branch="False" />
                <line number="59" hits="1" branch="False" />
              </lines>
            </method>
          </methods>
          <lines>
            <line number="8" hits="2" branch="False" />
            <line number="9" hits="2" branch="False" />
            <line number="10" hits="2" branch="False" />
            <line number="12" hits="2" branch="True" condition-coverage="100% (10/10)">
              <conditions>
                <condition number="24" type="jump" coverage="100%" />
                <condition number="39" type="jump" coverage="100%" />
                <condition number="53" type="jump" coverage="100%" />
                <condition number="66" type="jump" coverage="100%" />
                <condition number="81" type="jump" coverage="100%" />
              </conditions>
            </line>
            <line number="13" hits="2" branch="False" />
            <line number="14" hits="2" branch="False" />
            <line number="17" hits="3" branch="False" />
            <line number="18" hits="3" branch="False" />
            <line number="20" hits="3" branch="True" condition-coverage="100% (2/2)">
              <conditions>
                <condition number="18" type="jump" coverage="100%" />
              </conditions>
            </line>
            <line number="21" hits="3" branch="False" />
            <line number="24" hits="3" branch="False" />
            <line number="25" hits="3" branch="False" />
            <line number="27" hits="3" branch="True" condition-coverage="100% (4/4)">
              <conditions>
                <condition number="18" type="jump" coverage="100%" />
                <condition number="33" type="jump" coverage="100%" />
              </conditions>
            </line>
            <line number="28" hits="3" branch="False" />
            <line number="31" hits="2" branch="False" />
            <line number="32" hits="2" branch="True" condition-coverage="50% (1/2)">
              <conditions>
                <condition number="8" type="jump" coverage="50%" />
              </conditions>
            </line>
            <line number="33" hits="2" branch="False" />
            <line number="36" hits="2" branch="False" />
            <line number="37" hits="2" branch="False" />
            <line number="39" hits="2" branch="False" />
            <line number="41" hits="2" branch="True" condition-coverage="87.5% (7/8)">
              <conditions>
                <condition number="24" type="jump" coverage="100%" />
                <condition number="39" type="jump" coverage="100%" />
                <condition number="54" type="jump" coverage="100%" />
                <condition number="68" type="jump" coverage="50%" />
              </conditions>
            </line>
            <line number="42" hits="2" branch="False" />
            <line number="43" hits="2" branch="False" />
            <line number="46" hits="1" branch="False" />
            <line number="47" hits="1" branch="True" condition-coverage="50% (1/2)">
              <conditions>
                <condition number="12" type="jump" coverage="50%" />
              </conditions>
            </line>
            <line number="48" hits="1" branch="False" />
            <line number="51" hits="1" branch="False" />
            <line number="52" hits="1" branch="False" />
            <line number="53" hits="1" branch="False" />
            <line number="54" hits="1" branch="False" />
            <line number="55" hits="1" branch="False" />
            <line number="56" hits="1" branch="False" />
            <line number="57" hits="1" branch="False" />
            <line number="58" hits="4" branch="False" />
            <line number="59" hits="1" branch="False" />
          </lines>
        </class>
        <class name="roommate_app.Other.Services.ReplyService" filename="Other\Services\ReplyService.cs" line-rate="0" branch-rate="1" complexity="2">
          <methods>
            <method name="GetByListingId" signature="(System.Int32)" line-rate="0" branch-rate="1" complexity="1">
              <lines>
                <line number="19" hits="0" branch="False" />
                <line number="20" hits="0" branch="False" />
                <line number="21" hits="0" branch="False" />
                <line number="22" hits="0" branch="False" />
              </lines>
            </method>
            <method name=".ctor" signature="(roommate_app.Data.ApplicationDbContext)" line-rate="0" branch-rate="1" complexity="1">
              <lines>
                <line number="13" hits="0" branch="False" />
                <line number="14" hits="0" branch="False" />
                <line number="15" hits="0" branch="False" />
                <line number="16" hits="0" branch="False" />
              </lines>
            </method>
          </methods>
          <lines>
            <line number="19" hits="0" branch="False" />
            <line number="20" hits="0" branch="False" />
            <line number="21" hits="0" branch="False" />
            <line number="22" hits="0" branch="False" />
            <line number="13" hits="0" branch="False" />
            <line number="14" hits="0" branch="False" />
            <line number="15" hits="0" branch="False" />
            <line number="16" hits="0" branch="False" />
          </lines>
        </class>
        <class name="roommate_app.Other.ListingComparers.ListingCityComparer" filename="Other\ListingComparers\ListingCityComparer.cs" line-rate="1" branch-rate="1" complexity="1">
          <methods>
            <method name="Compare" signature="(roommate_app.Models.Listing,roommate_app.Models.Listing)" line-rate="1" branch-rate="1" complexity="1">
              <lines>
                <line number="9" hits="8" branch="False" />
                <line number="10" hits="8" branch="False" />
                <line number="11" hits="8" branch="False" />
              </lines>
            </method>
          </methods>
          <lines>
            <line number="9" hits="8" branch="False" />
            <line number="10" hits="8" branch="False" />
            <line number="11" hits="8" branch="False" />
          </lines>
        </class>
        <class name="roommate_app.Other.ListingComparers.ListingComparer" filename="Other\ListingComparers\ListingComparer.cs" line-rate="1" branch-rate="1" complexity="1">
          <methods>
            <method name=".ctor" signature="(System.String)" line-rate="1" branch-rate="1" complexity="1">
              <lines>
                <line number="8" hits="6" branch="False" />
                <line number="9" hits="6" branch="False" />
                <line number="10" hits="6" branch="False" />
                <line number="11" hits="6" branch="False" />
              </lines>
            </method>
          </methods>
          <lines>
            <line number="8" hits="6" branch="False" />
            <line number="9" hits="6" branch="False" />
            <line number="10" hits="6" branch="False" />
            <line number="11" hits="6" branch="False" />
          </lines>
        </class>
        <class name="roommate_app.Other.ListingComparers.ListingMaxPriceComparer" filename="Other\ListingComparers\ListingMaxPriceComparer.cs" line-rate="0.8571" branch-rate="0.875" complexity="9">
          <methods>
            <method name="Compare" signature="(roommate_app.Models.Listing,roommate_app.Models.Listing)" line-rate="0.8461" branch-rate="0.875" complexity="8">
              <lines>
                <line number="10" hits="10" branch="False" />
                <line number="12" hits="10" branch="True" condition-coverage="100% (4/4)">
                  <conditions>
                    <condition number="18" type="jump" coverage="100%" />
                    <condition number="42" type="jump" coverage="100%" />
                  </conditions>
                </line>
                <line number="13" hits="1" branch="False" />
                <line number="14" hits="1" branch="False" />
                <line number="16" hits="9" branch="True" condition-coverage="100% (2/2)">
                  <conditions>
                    <condition number="87" type="jump" coverage="100%" />
                  </conditions>
                </line>
                <line number="17" hits="6" branch="False" />
                <line number="18" hits="6" branch="False" />
                <line number="20" hits="3" branch="True" condition-coverage="50% (1/2)">
                  <conditions>
                    <condition number="115" type="jump" coverage="50%" />
                  </conditions>
                </line>
                <line number="21" hits="0" branch="False" />
                <line number="22" hits="0" branch="False" />
                <line number="25" hits="3" branch="False" />
                <line number="26" hits="3" branch="False" />
                <line number="28" hits="10" branch="False" />
              </lines>
            </method>
            <method name=".ctor" signature="(System.String)" line-rate="1" branch-rate="1" complexity="1">
              <lines>
                <line number="7" hits="6" branch="False" />
              </lines>
            </method>
          </methods>
          <lines>
            <line number="10" hits="10" branch="False" />
            <line number="12" hits="10" branch="True" condition-coverage="100% (4/4)">
              <conditions>
                <condition number="18" type="jump" coverage="100%" />
                <condition number="42" type="jump" coverage="100%" />
              </conditions>
            </line>
            <line number="13" hits="1" branch="False" />
            <line number="14" hits="1" branch="False" />
            <line number="16" hits="9" branch="True" condition-coverage="100% (2/2)">
              <conditions>
                <condition number="87" type="jump" coverage="100%" />
              </conditions>
            </line>
            <line number="17" hits="6" branch="False" />
            <line number="18" hits="6" branch="False" />
            <line number="20" hits="3" branch="True" condition-coverage="50% (1/2)">
              <conditions>
                <condition number="115" type="jump" coverage="50%" />
              </conditions>
            </line>
            <line number="21" hits="0" branch="False" />
            <line number="22" hits="0" branch="False" />
            <line number="25" hits="3" branch="False" />
            <line number="26" hits="3" branch="False" />
            <line number="28" hits="10" branch="False" />
            <line number="7" hits="6" branch="False" />
          </lines>
        </class>
        <class name="roommate_app.Other.ListingComparers.ListingNumRoommatesComparer" filename="Other\ListingComparers\ListingNumRoommatesComparer.cs" line-rate="0.8571" branch-rate="0.875" complexity="9">
          <methods>
            <method name="Compare" signature="(roommate_app.Models.Listing,roommate_app.Models.Listing)" line-rate="0.8461" branch-rate="0.875" complexity="8">
              <lines>
                <line number="10" hits="10" branch="False" />
                <line number="11" hits="10" branch="True" condition-coverage="100% (4/4)">
                  <conditions>
                    <condition number="18" type="jump" coverage="100%" />
                    <condition number="42" type="jump" coverage="100%" />
                  </conditions>
                </line>
                <line number="12" hits="1" branch="False" />
                <line number="13" hits="1" branch="False" />
                <line number="15" hits="9" branch="True" condition-coverage="100% (2/2)">
                  <conditions>
                    <condition number="87" type="jump" coverage="100%" />
                  </conditions>
                </line>
                <line number="16" hits="6" branch="False" />
                <line number="17" hits="6" branch="False" />
                <line number="19" hits="3" branch="True" condition-coverage="50% (1/2)">
                  <conditions>
                    <condition number="115" type="jump" coverage="50%" />
                  </conditions>
                </line>
                <line number="20" hits="0" branch="False" />
                <line number="21" hits="0" branch="False" />
                <line number="24" hits="3" branch="False" />
                <line number="25" hits="3" branch="False" />
                <line number="27" hits="10" branch="False" />
              </lines>
            </method>
            <method name=".ctor" signature="(System.String)" line-rate="1" branch-rate="1" complexity="1">
              <lines>
                <line number="7" hits="6" branch="False" />
              </lines>
            </method>
          </methods>
          <lines>
            <line number="10" hits="10" branch="False" />
            <line number="11" hits="10" branch="True" condition-coverage="100% (4/4)">
              <conditions>
                <condition number="18" type="jump" coverage="100%" />
                <condition number="42" type="jump" coverage="100%" />
              </conditions>
            </line>
            <line number="12" hits="1" branch="False" />
            <line number="13" hits="1" branch="False" />
            <line number="15" hits="9" branch="True" condition-coverage="100% (2/2)">
              <conditions>
                <condition number="87" type="jump" coverage="100%" />
              </conditions>
            </line>
            <line number="16" hits="6" branch="False" />
            <line number="17" hits="6" branch="False" />
            <line number="19" hits="3" branch="True" condition-coverage="50% (1/2)">
              <conditions>
                <condition number="115" type="jump" coverage="50%" />
              </conditions>
            </line>
            <line number="20" hits="0" branch="False" />
            <line number="21" hits="0" branch="False" />
            <line number="24" hits="3" branch="False" />
            <line number="25" hits="3" branch="False" />
            <line number="27" hits="10" branch="False" />
            <line number="7" hits="6" branch="False" />
          </lines>
        </class>
        <class name="roommate_app.Other.FileCreator.FileCreator" filename="Other\Interface\IFileCreator.cs" line-rate="0" branch-rate="1" complexity="2">
          <methods>
            <method name="roommate_app.Other.FileCreator.IFileCreator.Write" signature="(System.String,System.String,System.Boolean)" line-rate="0" branch-rate="1" complexity="1">
              <lines>
                <line number="11" hits="0" branch="False" />
                <line number="12" hits="0" branch="False" />
                <line number="13" hits="0" branch="False" />
                <line number="14" hits="0" branch="False" />
                <line number="15" hits="0" branch="False" />
              </lines>
            </method>
            <method name="roommate_app.Other.FileCreator.IFileCreator.ReadToEndFile" signature="(System.String)" line-rate="0" branch-rate="1" complexity="1">
              <lines>
                <line number="18" hits="0" branch="False" />
                <line number="19" hits="0" branch="False" />
                <line number="20" hits="0" branch="False" />
                <line number="21" hits="0" branch="False" />
                <line number="22" hits="0" branch="False" />
                <line number="23" hits="0" branch="False" />
              </lines>
            </method>
          </methods>
          <lines>
            <line number="11" hits="0" branch="False" />
            <line number="12" hits="0" branch="False" />
            <line number="13" hits="0" branch="False" />
            <line number="14" hits="0" branch="False" />
            <line number="15" hits="0" branch="False" />
            <line number="18" hits="0" branch="False" />
            <line number="19" hits="0" branch="False" />
            <line number="20" hits="0" branch="False" />
            <line number="21" hits="0" branch="False" />
            <line number="22" hits="0" branch="False" />
            <line number="23" hits="0" branch="False" />
          </lines>
        </class>
        <class name="roommate_app.Data.ApplicationDbContext" filename="Data\ApplicationDbContext.cs" line-rate="1" branch-rate="1" complexity="4">
          <methods>
            <method name="get_Listings" signature="()" line-rate="1" branch-rate="1" complexity="1">
              <lines>
                <line number="15" hits="22" branch="False" />
              </lines>
            </method>
            <method name="get_Users" signature="()" line-rate="1" branch-rate="1" complexity="1">
              <lines>
                <line number="17" hits="32" branch="False" />
              </lines>
            </method>
            <method name="get_Replies" signature="()" line-rate="1" branch-rate="1" complexity="1">
              <lines>
                <line number="18" hits="16" branch="False" />
              </lines>
            </method>
            <method name=".ctor" signature="(Microsoft.EntityFrameworkCore.DbContextOptions`1&lt;roommate_app.Data.ApplicationDbContext&gt;)" line-rate="1" branch-rate="1" complexity="1">
              <lines>
                <line number="10" hits="16" branch="False" />
                <line number="11" hits="16" branch="False" />
                <line number="12" hits="16" branch="False" />
                <line number="13" hits="16" branch="False" />
              </lines>
            </method>
          </methods>
          <lines>
            <line number="15" hits="22" branch="False" />
            <line number="17" hits="32" branch="False" />
            <line number="18" hits="16" branch="False" />
            <line number="10" hits="16" branch="False" />
            <line number="11" hits="16" branch="False" />
            <line number="12" hits="16" branch="False" />
            <line number="13" hits="16" branch="False" />
          </lines>
        </class>
        <class name="roommate_app.Controllers.UserController" filename="Controllers\User\UserController.cs" line-rate="0" branch-rate="1" complexity="1">
          <methods>
            <method name=".ctor" signature="(IGenericService,roommate_app.Services.IUserService)" line-rate="0" branch-rate="1" complexity="1">
              <lines>
                <line number="15" hits="0" branch="False" />
                <line number="16" hits="0" branch="False" />
                <line number="17" hits="0" branch="False" />
                <line number="18" hits="0" branch="False" />
                <line number="19" hits="0" branch="False" />
              </lines>
            </method>
          </methods>
          <lines>
            <line number="15" hits="0" branch="False" />
            <line number="16" hits="0" branch="False" />
            <line number="17" hits="0" branch="False" />
            <line number="18" hits="0" branch="False" />
            <line number="19" hits="0" branch="False" />
          </lines>
        </class>
        <class name="roommate_app.Controllers.UserController/&lt;&gt;c__DisplayClass3_0" filename="Controllers\User\UserController.cs" line-rate="0" branch-rate="1" complexity="1">
          <methods>
            <method name="&lt;GetUserInfo&gt;b__0" signature="(roommate_app.Models.User)" line-rate="0" branch-rate="1" complexity="1">
              <lines>
                <line number="29" hits="0" branch="False" />
              </lines>
            </method>
          </methods>
          <lines>
            <line number="29" hits="0" branch="False" />
          </lines>
        </class>
        <class name="roommate_app.Controllers.UserController/&lt;GetUserInfo&gt;d__3" filename="Controllers\User\UserController.cs" line-rate="0" branch-rate="1" complexity="1">
          <methods>
            <method name="MoveNext" signature="()" line-rate="0" branch-rate="1" complexity="1">
              <lines>
                <line number="24" hits="0" branch="False" />
                <line number="25" hits="0" branch="False" />
                <line number="27" hits="0" branch="False" />
                <line number="31" hits="0" branch="False" />
                <line number="33" hits="0" branch="False" />
                <line number="34" hits="0" branch="False" />
                <line number="36" hits="0" branch="False" />
                <line number="37" hits="0" branch="False" />
              </lines>
            </method>
          </methods>
          <lines>
            <line number="24" hits="0" branch="False" />
            <line number="25" hits="0" branch="False" />
            <line number="27" hits="0" branch="False" />
            <line number="31" hits="0" branch="False" />
            <line number="33" hits="0" branch="False" />
            <line number="34" hits="0" branch="False" />
            <line number="36" hits="0" branch="False" />
            <line number="37" hits="0" branch="False" />
          </lines>
        </class>
        <class name="roommate_app.Controllers.Registration.RegistrationController" filename="Controllers\Registration\RegistrationController.cs" line-rate="1" branch-rate="1" complexity="1">
          <methods>
            <method name=".ctor" signature="(IGenericService)" line-rate="1" branch-rate="1" complexity="1">
              <lines>
                <line number="13" hits="6" branch="False" />
                <line number="14" hits="6" branch="False" />
                <line number="15" hits="6" branch="False" />
                <line number="16" hits="6" branch="False" />
              </lines>
            </method>
          </methods>
          <lines>
            <line number="13" hits="6" branch="False" />
            <line number="14" hits="6" branch="False" />
            <line number="15" hits="6" branch="False" />
            <line number="16" hits="6" branch="False" />
          </lines>
        </class>
        <class name="roommate_app.Controllers.Registration.RegistrationController/&lt;&gt;c__DisplayClass2_0" filename="Controllers\Registration\RegistrationController.cs" line-rate="1" branch-rate="1" complexity="1">
          <methods>
            <method name="&lt;Submit&gt;b__0" signature="(roommate_app.Models.User)" line-rate="1" branch-rate="1" complexity="1">
              <lines>
                <line number="28" hits="1" branch="False" />
              </lines>
            </method>
          </methods>
          <lines>
            <line number="28" hits="1" branch="False" />
          </lines>
        </class>
        <class name="roommate_app.Controllers.Registration.RegistrationController/&lt;Submit&gt;d__2" filename="Controllers\Registration\RegistrationController.cs" line-rate="1" branch-rate="1" complexity="4">
          <methods>
            <method name="MoveNext" signature="()" line-rate="1" branch-rate="1" complexity="4">
              <lines>
                <line number="20" hits="7" branch="False" />
                <line number="21" hits="7" branch="False" />
                <line number="22" hits="7" branch="False" />
                <line number="24" hits="7" branch="False" />
                <line number="26" hits="7" branch="False" />
                <line number="27" hits="7" branch="False" />
                <line number="29" hits="7" branch="False" />
                <line number="30" hits="7" branch="False" />
                <line number="32" hits="7" branch="True" condition-coverage="100% (2/2)">
                  <conditions>
                    <condition number="267" type="jump" coverage="100%" />
                  </conditions>
                </line>
                <line number="33" hits="6" branch="False" />
                <line number="34" hits="6" branch="False" />
                <line number="35" hits="6" branch="False" />
                <line number="37" hits="7" branch="True" condition-coverage="100% (2/2)">
                  <conditions>
                    <condition number="404" type="jump" coverage="100%" />
                  </conditions>
                </line>
                <line number="38" hits="6" branch="False" />
                <line number="39" hits="6" branch="False" />
                <line number="40" hits="6" branch="False" />
                <line number="41" hits="6" branch="False" />
                <line number="42" hits="6" branch="False" />
                <line number="43" hits="6" branch="False" />
                <line number="44" hits="6" branch="False" />
                <line number="45" hits="1" branch="False" />
                <line number="46" hits="1" branch="False" />
                <line number="47" hits="1" branch="False" />
                <line number="48" hits="1" branch="False" />
                <line number="49" hits="1" branch="False" />
                <line number="50" hits="1" branch="False" />
                <line number="51" hits="1" branch="False" />
                <line number="53" hits="7" branch="False" />
                <line number="54" hits="7" branch="False" />
              </lines>
            </method>
          </methods>
          <lines>
            <line number="20" hits="7" branch="False" />
            <line number="21" hits="7" branch="False" />
            <line number="22" hits="7" branch="False" />
            <line number="24" hits="7" branch="False" />
            <line number="26" hits="7" branch="False" />
            <line number="27" hits="7" branch="False" />
            <line number="29" hits="7" branch="False" />
            <line number="30" hits="7" branch="False" />
            <line number="32" hits="7" branch="True" condition-coverage="100% (2/2)">
              <conditions>
                <condition number="267" type="jump" coverage="100%" />
              </conditions>
            </line>
            <line number="33" hits="6" branch="False" />
            <line number="34" hits="6" branch="False" />
            <line number="35" hits="6" branch="False" />
            <line number="37" hits="7" branch="True" condition-coverage="100% (2/2)">
              <conditions>
                <condition number="404" type="jump" coverage="100%" />
              </conditions>
            </line>
            <line number="38" hits="6" branch="False" />
            <line number="39" hits="6" branch="False" />
            <line number="40" hits="6" branch="False" />
            <line number="41" hits="6" branch="False" />
            <line number="42" hits="6" branch="False" />
            <line number="43" hits="6" branch="False" />
            <line number="44" hits="6" branch="False" />
            <line number="45" hits="1" branch="False" />
            <line number="46" hits="1" branch="False" />
            <line number="47" hits="1" branch="False" />
            <line number="48" hits="1" branch="False" />
            <line number="49" hits="1" branch="False" />
            <line number="50" hits="1" branch="False" />
            <line number="51" hits="1" branch="False" />
            <line number="53" hits="7" branch="False" />
            <line number="54" hits="7" branch="False" />
          </lines>
        </class>
        <class name="roommate_app.Controllers.Registration.RegistrationResponse" filename="Controllers\Registration\RegistrationResponse.cs" line-rate="0.8571" branch-rate="1" complexity="3">
          <methods>
            <method name="get_IsSuccess" signature="()" line-rate="1" branch-rate="1" complexity="1">
              <lines>
                <line number="11" hits="2" branch="False" />
              </lines>
            </method>
            <method name="get_Message" signature="()" line-rate="0" branch-rate="1" complexity="1">
              <lines>
                <line number="12" hits="0" branch="False" />
              </lines>
            </method>
            <method name=".ctor" signature="(System.Boolean,System.String)" line-rate="1" branch-rate="1" complexity="1">
              <lines>
                <line number="5" hits="7" branch="False" />
                <line number="6" hits="7" branch="False" />
                <line number="7" hits="7" branch="False" />
                <line number="8" hits="7" branch="False" />
                <line number="9" hits="7" branch="False" />
              </lines>
            </method>
          </methods>
          <lines>
            <line number="11" hits="2" branch="False" />
            <line number="12" hits="0" branch="False" />
            <line number="5" hits="7" branch="False" />
            <line number="6" hits="7" branch="False" />
            <line number="7" hits="7" branch="False" />
            <line number="8" hits="7" branch="False" />
            <line number="9" hits="7" branch="False" />
          </lines>
        </class>
        <class name="roommate_app.Controllers.Login.LoginController" filename="Controllers\Login\LoginController.cs" line-rate="1" branch-rate="1" complexity="1">
          <methods>
            <method name=".ctor" signature="(roommate_app.Exceptions.IErrorLogging,IGenericService)" line-rate="1" branch-rate="1" complexity="1">
              <lines>
                <line number="19" hits="4" branch="False" />
                <line number="20" hits="4" branch="False" />
                <line number="21" hits="4" branch="False" />
                <line number="22" hits="4" branch="False" />
                <line number="23" hits="4" branch="False" />
              </lines>
            </method>
          </methods>
          <lines>
            <line number="19" hits="4" branch="False" />
            <line number="20" hits="4" branch="False" />
            <line number="21" hits="4" branch="False" />
            <line number="22" hits="4" branch="False" />
            <line number="23" hits="4" branch="False" />
          </lines>
        </class>
        <class name="roommate_app.Controllers.Login.LoginController/&lt;&gt;c__DisplayClass3_0" filename="Controllers\Login\LoginController.cs" line-rate="1" branch-rate="1" complexity="2">
          <methods>
            <method name="&lt;Submit&gt;b__0" signature="(roommate_app.Models.User)" line-rate="1" branch-rate="1" complexity="2">
              <lines>
                <line number="36" hits="4" branch="True" condition-coverage="100% (2/2)">
                  <conditions>
                    <condition number="32" type="jump" coverage="100%" />
                  </conditions>
                </line>
                <line number="37" hits="4" branch="False" />
              </lines>
            </method>
          </methods>
          <lines>
            <line number="36" hits="4" branch="True" condition-coverage="100% (2/2)">
              <conditions>
                <condition number="32" type="jump" coverage="100%" />
              </conditions>
            </line>
            <line number="37" hits="4" branch="False" />
          </lines>
        </class>
        <class name="roommate_app.Controllers.Login.LoginController/&lt;Submit&gt;d__3" filename="Controllers\Login\LoginController.cs" line-rate="0.7058" branch-rate="1" complexity="6">
          <methods>
            <method name="MoveNext" signature="()" line-rate="0.7058" branch-rate="1" complexity="6">
              <lines>
                <line number="27" hits="4" branch="False" />
                <line number="29" hits="4" branch="False" />
                <line number="32" hits="4" branch="False" />
                <line number="33" hits="4" branch="False" />
                <line number="34" hits="4" branch="False" />
                <line number="35" hits="4" branch="False" />
                <line number="38" hits="4" branch="False" />
                <line number="39" hits="4" branch="False" />
                <line number="40" hits="4" branch="False" />
                <line number="41" hits="0" branch="False" />
                <line number="42" hits="0" branch="False" />
                <line number="43" hits="0" branch="False" />
                <line number="44" hits="0" branch="False" />
                <line number="45" hits="0" branch="False" />
                <line number="46" hits="0" branch="False" />
                <line number="47" hits="0" branch="False" />
                <line number="48" hits="0" branch="False" />
                <line number="49" hits="0" branch="False" />
                <line number="50" hits="0" branch="False" />
                <line number="52" hits="4" branch="True" condition-coverage="100% (6/6)">
                  <conditions>
                    <condition number="395" type="jump" coverage="100%" />
                    <condition number="415" type="jump" coverage="100%" />
                    <condition number="446" type="jump" coverage="100%" />
                  </conditions>
                </line>
                <line number="53" hits="4" branch="False" />
                <line number="54" hits="4" branch="False" />
                <line number="55" hits="4" branch="False" />
                <line number="56" hits="4" branch="False" />
                <line number="57" hits="4" branch="False" />
                <line number="58" hits="4" branch="False" />
                <line number="59" hits="4" branch="False" />
                <line number="60" hits="4" branch="False" />
                <line number="61" hits="4" branch="False" />
                <line number="62" hits="4" branch="False" />
                <line number="63" hits="4" branch="False" />
                <line number="64" hits="4" branch="False" />
                <line number="65" hits="4" branch="False" />
                <line number="66" hits="4" branch="False" />
              </lines>
            </method>
          </methods>
          <lines>
            <line number="27" hits="4" branch="False" />
            <line number="29" hits="4" branch="False" />
            <line number="32" hits="4" branch="False" />
            <line number="33" hits="4" branch="False" />
            <line number="34" hits="4" branch="False" />
            <line number="35" hits="4" branch="False" />
            <line number="38" hits="4" branch="False" />
            <line number="39" hits="4" branch="False" />
            <line number="40" hits="4" branch="False" />
            <line number="41" hits="0" branch="False" />
            <line number="42" hits="0" branch="False" />
            <line number="43" hits="0" branch="False" />
            <line number="44" hits="0" branch="False" />
            <line number="45" hits="0" branch="False" />
            <line number="46" hits="0" branch="False" />
            <line number="47" hits="0" branch="False" />
            <line number="48" hits="0" branch="False" />
            <line number="49" hits="0" branch="False" />
            <line number="50" hits="0" branch="False" />
            <line number="52" hits="4" branch="True" condition-coverage="100% (6/6)">
              <conditions>
                <condition number="395" type="jump" coverage="100%" />
                <condition number="415" type="jump" coverage="100%" />
                <condition number="446" type="jump" coverage="100%" />
              </conditions>
            </line>
            <line number="53" hits="4" branch="False" />
            <line number="54" hits="4" branch="False" />
            <line number="55" hits="4" branch="False" />
            <line number="56" hits="4" branch="False" />
            <line number="57" hits="4" branch="False" />
            <line number="58" hits="4" branch="False" />
            <line number="59" hits="4" branch="False" />
            <line number="60" hits="4" branch="False" />
            <line number="61" hits="4" branch="False" />
            <line number="62" hits="4" branch="False" />
            <line number="63" hits="4" branch="False" />
            <line number="64" hits="4" branch="False" />
            <line number="65" hits="4" branch="False" />
            <line number="66" hits="4" branch="False" />
          </lines>
        </class>
        <class name="roommate_app.Controllers.Login.LoginResponse" filename="Controllers\Login\LoginResponse.cs" line-rate="0.7272" branch-rate="1" complexity="5">
          <methods>
            <method name="get_IsSuccess" signature="()" line-rate="1" branch-rate="1" complexity="1">
              <lines>
                <line number="13" hits="4" branch="False" />
              </lines>
            </method>
            <method name="get_Message" signature="()" line-rate="0" branch-rate="1" complexity="1">
              <lines>
                <line number="14" hits="0" branch="False" />
              </lines>
            </method>
            <method name="get_Email" signature="()" line-rate="0" branch-rate="1" complexity="1">
              <lines>
                <line number="15" hits="0" branch="False" />
              </lines>
            </method>
            <method name="get_AccessToken" signature="()" line-rate="0" branch-rate="1" complexity="1">
              <lines>
                <line number="16" hits="0" branch="False" />
              </lines>
            </method>
            <method name=".ctor" signature="(System.Boolean,System.String,System.String,System.String)" line-rate="1" branch-rate="1" complexity="1">
              <lines>
                <line number="5" hits="4" branch="False" />
                <line number="6" hits="4" branch="False" />
                <line number="7" hits="4" branch="False" />
                <line number="8" hits="4" branch="False" />
                <line number="9" hits="4" branch="False" />
                <line number="10" hits="4" branch="False" />
                <line number="11" hits="4" branch="False" />
              </lines>
            </method>
          </methods>
          <lines>
            <line number="13" hits="4" branch="False" />
            <line number="14" hits="0" branch="False" />
            <line number="15" hits="0" branch="False" />
            <line number="16" hits="0" branch="False" />
            <line number="5" hits="4" branch="False" />
            <line number="6" hits="4" branch="False" />
            <line number="7" hits="4" branch="False" />
            <line number="8" hits="4" branch="False" />
            <line number="9" hits="4" branch="False" />
            <line number="10" hits="4" branch="False" />
            <line number="11" hits="4" branch="False" />
          </lines>
        </class>
      </classes>
    </package>
  </packages>
</coverage>